<?xml version="1.0" encoding="UTF-8"?>
<!-- Generated by org.testng.reporters.JUnitReportReporter -->
<testsuite skipped="0" hostname="LAPTOP-M4N4JHAP" name="Acacemy.UnHappyTests" tests="2" failures="0" timestamp="2021-04-04T23:39:38 IST" time="36.782" errors="0">
  <testcase name="urlhomePageIntellisense" time="20.305" classname="Acacemy.UnHappyTests"/>
  <system-out/>
  <testcase name="baselogin" time="16.477" classname="Acacemy.UnHappyTests"/>
  <system-out/>
</testsuite> <!-- Acacemy.UnHappyTests -->
