<?xml version="1.0" encoding="UTF-8"?>
<!-- Generated by org.testng.reporters.JUnitReportReporter -->
<testsuite skipped="0" hostname="LAPTOP-M4N4JHAP" name="Acacemy.HappyTests" tests="11" failures="0" timestamp="2021-04-04T23:39:38 IST" time="82.442" errors="0">
  <testcase name="disabledDeleteTB" time="3.954" classname="Acacemy.HappyTests"/>
  <system-out/>
  <testcase name="disabledReOrderWidgetTB" time="11.503" classname="Acacemy.HappyTests"/>
  <system-out/>
  <testcase name="homePageDashBoard" time="4.015" classname="Acacemy.HappyTests"/>
  <system-out/>
  <testcase name="duplicateDashBoard" time="4.738" classname="Acacemy.HappyTests"/>
  <system-out/>
  <testcase name="linkDashboard" time="5.413" classname="Acacemy.HappyTests"/>
  <system-out/>
  <testcase name="linkuseDashBoard" time="5.874" classname="Acacemy.HappyTests"/>
  <system-out/>
  <testcase name="baselogin" time="22.687" classname="Acacemy.HappyTests"/>
  <system-out/>
  <testcase name="disabledShareTB" time="5.074" classname="Acacemy.HappyTests"/>
  <system-out/>
  <testcase name="linkCreateWidget" time="5.934" classname="Acacemy.HappyTests"/>
  <system-out/>
  <testcase name="disabledCreateWidgetTB" time="3.906" classname="Acacemy.HappyTests"/>
  <system-out/>
  <testcase name="dashBoard554" time="9.344" classname="Acacemy.HappyTests"/>
  <system-out/>
</testsuite> <!-- Acacemy.HappyTests -->
