<?xml version="1.0" encoding="UTF-8"?>
<!-- Generated by org.testng.reporters.JUnitReportReporter -->
<testsuite skipped="0" hostname="LAPTOP-M4N4JHAP" name="cucumberOptions.TestRunner" tests="1" failures="0" timestamp="2020-11-26T10:22:18 GMT" time="15.972" errors="0">
  <testcase name="feature" time="15.972" classname="cucumberOptions.TestRunner"/>
  <system-out/>
</testsuite> <!-- cucumberOptions.TestRunner -->
