<?xml version="1.0" encoding="UTF-8"?>
<!-- Generated by org.testng.reporters.JUnitReportReporter -->
<testsuite skipped="0" hostname="LAPTOP-M4N4JHAP" name="Acacemy.Homepage" tests="11" failures="0" timestamp="2021-04-04T20:21:49 IST" time="70.797" errors="0">
  <testcase name="baselogin" time="15.543" classname="Acacemy.Homepage"/>
  <system-out/>
  <testcase name="dashBoard554" time="10.306" classname="Acacemy.Homepage"/>
  <system-out/>
  <testcase name="homePageDashBoard" time="3.595" classname="Acacemy.Homepage"/>
  <system-out/>
  <testcase name="linkuseDashBoard" time="4.265" classname="Acacemy.Homepage"/>
  <system-out/>
  <testcase name="disabledDeleteTB" time="4.900" classname="Acacemy.Homepage"/>
  <system-out/>
  <testcase name="disabledReOrderWidgetTB" time="4.605" classname="Acacemy.Homepage"/>
  <system-out/>
  <testcase name="linkDashboard" time="6.131" classname="Acacemy.Homepage"/>
  <system-out/>
  <testcase name="duplicateDashBoard" time="2.718" classname="Acacemy.Homepage"/>
  <system-out/>
  <testcase name="linkCreateWidget" time="6.567" classname="Acacemy.Homepage"/>
  <system-out/>
  <testcase name="disabledShareTB" time="7.076" classname="Acacemy.Homepage"/>
  <system-out/>
  <testcase name="disabledCreateWidgetTB" time="5.091" classname="Acacemy.Homepage"/>
  <system-out/>
</testsuite> <!-- Acacemy.Homepage -->
