<?xml version="1.0" encoding="UTF-8"?>
<!-- Generated by org.testng.reporters.JUnitReportReporter -->
<testsuite skipped="0" hostname="LAPTOP-M4N4JHAP" name="Acacemy.ValidatenavigationBar" tests="1" failures="0" timestamp="2020-11-08T18:25:34 GMT" time="0.218" errors="0">
  <testcase name="basePageNavigation" time="0.218" classname="Acacemy.ValidatenavigationBar"/>
  <system-out/>
</testsuite> <!-- Acacemy.ValidatenavigationBar -->
